<?xml version="1.0" encoding="UTF-8"?>
<!-- Generated by org.testng.reporters.JUnitReportReporter -->
<testsuite hostname="LAKSHMI" failures="0" tests="1" name="smrtRain.home.GeneralTests" time="20.839" errors="0" timestamp="2022-11-19T10:50:07 IST" skipped="0">
  <testcase classname="smrtRain.home.GeneralTests" name="loginWithValidCredentials" time="20.839"/>
  <system-out/>
</testsuite> <!-- smrtRain.home.GeneralTests -->
