<?xml version="1.0" encoding="UTF-8"?>
<!-- Generated by org.testng.reporters.JUnitReportReporter -->
<testsuite skipped="0" hostname="Tulasi-MacBook-Pro-2.local" name="smrtRain.programs.SmartStackTests" tests="1" failures="0" timestamp="2022-09-19T12:26:57 IST" time="134.464" errors="0">
  <testcase name="createZones" time="134.464" classname="smrtRain.programs.SmartStackTests"/>
  <system-out/>
</testsuite> <!-- smrtRain.programs.SmartStackTests -->
