<?xml version="1.0" encoding="UTF-8"?>
<!-- Generated by org.testng.reporters.JUnitReportReporter -->
<testsuite skipped="0" hostname="Tulasi-MBP-2.bbrouter" name="smrtRain.programs.SmartET" tests="13" failures="0" timestamp="2022-10-20T20:29:24 IST" time="1007.742" errors="0">
  <testcase name="smartET_CreateNormalProgram" time="145.527" classname="smrtRain.programs.SmartET"/>
  <system-out/>
  <testcase name="smartET_verifyDefaultETValues" time="25.575" classname="smrtRain.programs.SmartET"/>
  <system-out/>
  <testcase name="smartET_BucketValue" time="16.918" classname="smrtRain.programs.SmartET"/>
  <system-out/>
  <testcase name="smartET_CycleSoak" time="33.678" classname="smrtRain.programs.SmartET"/>
  <system-out/>
  <testcase name="smartET_RainOverRide" time="103.548" classname="smrtRain.programs.SmartET"/>
  <system-out/>
  <testcase name="smartET_SmartStack" time="105.622" classname="smrtRain.programs.SmartET"/>
  <system-out/>
  <testcase name="smartET_GWLandMADBasedOnFC" time="124.497" classname="smrtRain.programs.SmartET"/>
  <system-out/>
  <testcase name="smartET_ProgamOff" time="25.405" classname="smrtRain.programs.SmartET"/>
  <system-out/>
  <testcase name="smartEt_IncrmentOrDecrement" time="65.101" classname="smrtRain.programs.SmartET"/>
  <system-out/>
  <testcase name="smartET_ValidateIAandIAM" time="97.471" classname="smrtRain.programs.SmartET"/>
  <system-out/>
  <testcase name="smartET_MultiRunTimes" time="110.392" classname="smrtRain.programs.SmartET"/>
  <system-out/>
  <testcase name="smartET_SmartStackWithCycleSoak" time="141.371" classname="smrtRain.programs.SmartET"/>
  <system-out/>
  <testcase name="smartET_DoNotListInRunProgram" time="12.637" classname="smrtRain.programs.SmartET"/>
  <system-out/>
</testsuite> <!-- smrtRain.programs.SmartET -->
