<?xml version="1.0" encoding="UTF-8"?>
<!-- Generated by org.testng.reporters.JUnitReportReporter -->
<testsuite skipped="0" hostname="Tulasi-MacBook-Pro-2.local" name="smrtRain.programs.LiveSitesTest" tests="2" failures="0" timestamp="2022-10-19T17:54:13 IST" time="112.775" errors="0">
  <testcase name="runProgramForFullTime" time="42.640" classname="smrtRain.programs.LiveSitesTest"/>
  <system-out/>
  <testcase name="runZonesFor1Minute" time="70.135" classname="smrtRain.programs.LiveSitesTest"/>
  <system-out/>
</testsuite> <!-- smrtRain.programs.LiveSitesTest -->
